# Logfile created on 2014-03-06 17:46:22 +0100 by logger.rb/31641
I, [2014-03-06T17:46:22.225325 #5425]  INFO -- : 0:  equalizer (0.0.9) from /home/arne/.gem/ruby/1.9.3/specifications/equalizer-0.0.9.gemspec
I, [2014-03-06T17:46:22.225826 #5425]  INFO -- : 0:  ffi (1.9.3) from /home/arne/.gem/ruby/1.9.3/specifications/ffi-1.9.3.gemspec
I, [2014-03-06T17:46:22.226252 #5425]  INFO -- : 0:  ice_nine (0.11.0) from /home/arne/.gem/ruby/1.9.3/specifications/ice_nine-0.11.0.gemspec
I, [2014-03-06T17:46:22.226629 #5425]  INFO -- : 0:  mini_portile (0.5.2) from /home/arne/.gem/ruby/1.9.3/specifications/mini_portile-0.5.2.gemspec
I, [2014-03-06T17:46:22.227014 #5425]  INFO -- : 0:  nokogiri (1.6.1) from /home/arne/.gem/ruby/1.9.3/specifications/nokogiri-1.6.1.gemspec
I, [2014-03-06T17:46:22.227376 #5425]  INFO -- : 0:  sass (3.2.14) from /home/arne/.gem/ruby/1.9.3/specifications/sass-3.2.14.gemspec
I, [2014-03-06T17:46:22.227726 #5425]  INFO -- : 0:  hexp (0.3.1) from /home/arne/.gem/ruby/1.9.3/specifications/hexp-0.3.1.gemspec
I, [2014-03-06T17:46:22.228109 #5425]  INFO -- : 0:  kramdown (1.3.2) from /home/arne/.gem/ruby/1.9.3/specifications/kramdown-1.3.2.gemspec
I, [2014-03-06T17:46:22.228466 #5425]  INFO -- : 0:  rb-inotify (0.9.3) from /home/arne/.gem/ruby/1.9.3/specifications/rb-inotify-0.9.3.gemspec
I, [2014-03-06T17:46:24.365965 #5425]  INFO -- : 0:  slippery (0.0.3) from /home/arne/.gem/ruby/1.9.3/specifications/slippery-0.0.3.gemspec
I, [2014-03-06T17:46:24.366478 #5425]  INFO -- : 0:  bundler (1.5.1) from /home/arne/.gem/ruby/1.9.3/specifications/bundler-1.5.1.gemspec
I, [2014-03-06T17:47:20.938384 #5493]  INFO -- : 0:  rake (10.1.1) from /home/arne/.gem/ruby/1.9.3/specifications/rake-10.1.1.gemspec
I, [2014-03-06T17:47:20.938876 #5493]  INFO -- : 0:  equalizer (0.0.9) from /home/arne/.gem/ruby/1.9.3/specifications/equalizer-0.0.9.gemspec
I, [2014-03-06T17:47:20.939309 #5493]  INFO -- : 0:  ffi (1.9.3) from /home/arne/.gem/ruby/1.9.3/specifications/ffi-1.9.3.gemspec
I, [2014-03-06T17:47:20.939702 #5493]  INFO -- : 0:  ice_nine (0.11.0) from /home/arne/.gem/ruby/1.9.3/specifications/ice_nine-0.11.0.gemspec
I, [2014-03-06T17:47:20.940088 #5493]  INFO -- : 0:  mini_portile (0.5.2) from /home/arne/.gem/ruby/1.9.3/specifications/mini_portile-0.5.2.gemspec
I, [2014-03-06T17:47:20.940470 #5493]  INFO -- : 0:  nokogiri (1.6.1) from /home/arne/.gem/ruby/1.9.3/specifications/nokogiri-1.6.1.gemspec
I, [2014-03-06T17:47:20.940854 #5493]  INFO -- : 0:  sass (3.2.14) from /home/arne/.gem/ruby/1.9.3/specifications/sass-3.2.14.gemspec
I, [2014-03-06T17:47:20.941227 #5493]  INFO -- : 0:  hexp (0.3.1) from /home/arne/.gem/ruby/1.9.3/specifications/hexp-0.3.1.gemspec
I, [2014-03-06T17:47:20.941745 #5493]  INFO -- : 0:  kramdown (1.3.2) from /home/arne/.gem/ruby/1.9.3/specifications/kramdown-1.3.2.gemspec
I, [2014-03-06T17:47:20.942165 #5493]  INFO -- : 0:  rb-inotify (0.9.3) from /home/arne/.gem/ruby/1.9.3/specifications/rb-inotify-0.9.3.gemspec
I, [2014-03-06T17:47:20.942539 #5493]  INFO -- : 0:  slippery (0.0.3) from /home/arne/.gem/ruby/1.9.3/specifications/slippery-0.0.3.gemspec
I, [2014-03-06T17:47:20.942915 #5493]  INFO -- : 0:  bundler (1.5.1) from /home/arne/.gem/ruby/1.9.3/specifications/bundler-1.5.1.gemspec
I, [2014-03-06T18:07:20.059107 #7772]  INFO -- : 0:  rake (10.1.1) from /home/arne/.gem/ruby/2.1.0/specifications/rake-10.1.1.gemspec
I, [2014-03-06T18:07:20.060434 #7772]  INFO -- : 0:  equalizer (0.0.9) from /home/arne/.gem/ruby/2.1.0/specifications/equalizer-0.0.9.gemspec
I, [2014-03-06T18:07:20.060899 #7772]  INFO -- : 0:  ffi (1.9.3) from /home/arne/.gem/ruby/2.1.0/specifications/ffi-1.9.3.gemspec
I, [2014-03-06T18:07:20.061311 #7772]  INFO -- : 0:  ice_nine (0.11.0) from /home/arne/.gem/ruby/2.1.0/specifications/ice_nine-0.11.0.gemspec
I, [2014-03-06T18:07:20.061732 #7772]  INFO -- : 0:  mini_portile (0.5.2) from /home/arne/.gem/ruby/2.1.0/specifications/mini_portile-0.5.2.gemspec
I, [2014-03-06T18:07:20.062180 #7772]  INFO -- : 0:  nokogiri (1.6.1) from /home/arne/.gem/ruby/2.1.0/specifications/nokogiri-1.6.1.gemspec
I, [2014-03-06T18:07:20.062617 #7772]  INFO -- : 0:  sass (3.2.14) from /home/arne/.gem/ruby/2.1.0/specifications/sass-3.2.14.gemspec
I, [2014-03-06T18:07:21.902746 #7772]  INFO -- : 0:  hexp (0.3.1) from /home/arne/.gem/ruby/2.1.0/specifications/hexp-0.3.1.gemspec
I, [2014-03-06T18:07:24.132562 #7772]  INFO -- : 0:  kramdown (1.3.2) from /home/arne/.gem/ruby/2.1.0/specifications/kramdown-1.3.2.gemspec
I, [2014-03-06T18:07:24.133058 #7772]  INFO -- : 0:  rb-inotify (0.9.3) from /home/arne/.gem/ruby/2.1.0/specifications/rb-inotify-0.9.3.gemspec
I, [2014-03-06T18:07:26.076733 #7772]  INFO -- : 0:  slippery (0.0.3) from /home/arne/.gem/ruby/2.1.0/specifications/slippery-0.0.3.gemspec
I, [2014-03-06T18:07:26.077245 #7772]  INFO -- : 0:  bundler (1.5.1) from /home/arne/.gem/ruby/2.1.0/specifications/bundler-1.5.1.gemspec
