# Logfile created on 2014-02-08 09:38:31 +0100 by logger.rb/31641
I, [2014-02-08T09:38:31.254836 #3177]  INFO -- : 0:  rake (10.1.0) from /home/arne/.gem/ruby/1.9.3/specifications/rake-10.1.0.gemspec
I, [2014-02-08T09:38:31.255324 #3177]  INFO -- : 0:  equalizer (0.0.9) from /home/arne/.gem/ruby/1.9.3/specifications/equalizer-0.0.9.gemspec
I, [2014-02-08T09:38:31.255761 #3177]  INFO -- : 0:  ffi (1.9.0) from /home/arne/.gem/ruby/1.9.3/specifications/ffi-1.9.0.gemspec
I, [2014-02-08T09:38:33.850881 #3177]  INFO -- : 0:  fzip (0.2.0) from /home/arne/.gem/ruby/1.9.3/specifications/fzip-0.2.0.gemspec
I, [2014-02-08T09:38:33.851463 #3177]  INFO -- : 0:  ice_nine (0.11.0) from /home/arne/.gem/ruby/1.9.3/specifications/ice_nine-0.11.0.gemspec
I, [2014-02-08T09:38:33.851886 #3177]  INFO -- : 0:  mini_portile (0.5.2) from /home/arne/.gem/ruby/1.9.3/specifications/mini_portile-0.5.2.gemspec
I, [2014-02-08T09:38:33.852322 #3177]  INFO -- : 0:  nokogiri (1.6.1) from /home/arne/.gem/ruby/1.9.3/specifications/nokogiri-1.6.1.gemspec
I, [2014-02-08T09:38:33.852716 #3177]  INFO -- : 0:  sass (3.2.14) from /home/arne/.gem/ruby/1.9.3/specifications/sass-3.2.14.gemspec
I, [2014-02-08T09:38:33.938907 #3177]  INFO -- : 0:  hexp (0.3.1) from /home/arne/github/hexp/hexp.gemspec
I, [2014-02-08T09:38:34.280336 #3177]  INFO -- : 0:  kramdown (1.2.0) from /home/arne/github/kramdown/kramdown.gemspec
I, [2014-02-08T09:38:34.399528 #3177]  INFO -- : 0:  hexpress (0.0.1) from /home/arne/github/hexpress/hexpress.gemspec
I, [2014-02-08T09:38:52.238719 #3177]  INFO -- : 0:  perftools.rb (2.0.1) from /home/arne/.gem/ruby/1.9.3/bundler/gems/perftools.rb-deb2947468a8/perftools.rb.gemspec
I, [2014-02-08T09:38:53.908449 #3177]  INFO -- : 0:  rb-inotify (0.9.0) from /home/arne/.gem/ruby/1.9.3/specifications/rb-inotify-0.9.0.gemspec
I, [2014-02-08T09:38:53.909001 #3177]  INFO -- : 0:  ruby-prof (0.13.0) from /home/arne/.gem/ruby/1.9.3/specifications/ruby-prof-0.13.0.gemspec
I, [2014-02-08T09:38:53.909407 #3177]  INFO -- : 0:  bundler (1.5.1) from /home/arne/.gem/ruby/1.9.3/specifications/bundler-1.5.1.gemspec
I, [2014-02-08T09:41:13.348942 #7884]  INFO -- : 0:  rake (10.1.0) from /home/arne/.gem/ruby/2.0.0/specifications/rake-10.1.0.gemspec
I, [2014-02-08T09:41:13.349415 #7884]  INFO -- : 0:  equalizer (0.0.9) from /home/arne/.gem/ruby/2.0.0/specifications/equalizer-0.0.9.gemspec
I, [2014-02-08T09:41:13.349726 #7884]  INFO -- : 0:  ffi (1.9.0) from /home/arne/.gem/ruby/2.0.0/specifications/ffi-1.9.0.gemspec
I, [2014-02-08T09:41:15.140919 #7884]  INFO -- : 0:  fzip (0.2.0) from /home/arne/.gem/ruby/2.0.0/specifications/fzip-0.2.0.gemspec
I, [2014-02-08T09:41:15.141399 #7884]  INFO -- : 0:  ice_nine (0.11.0) from /home/arne/.gem/ruby/2.0.0/specifications/ice_nine-0.11.0.gemspec
I, [2014-02-08T09:41:15.141726 #7884]  INFO -- : 0:  mini_portile (0.5.2) from /home/arne/.gem/ruby/2.0.0/specifications/mini_portile-0.5.2.gemspec
I, [2014-02-08T09:41:15.159048 #7884]  INFO -- : 0:  nokogiri (1.6.1) from /home/arne/.gem/ruby/2.0.0/specifications/nokogiri-1.6.1.gemspec
I, [2014-02-08T09:41:15.159694 #7884]  INFO -- : 0:  sass (3.2.14) from /home/arne/.gem/ruby/2.0.0/specifications/sass-3.2.14.gemspec
I, [2014-02-08T09:41:15.214281 #7884]  INFO -- : 0:  hexp (0.3.1) from /home/arne/github/hexp/hexp.gemspec
I, [2014-02-08T09:41:15.541792 #7884]  INFO -- : 0:  kramdown (1.2.0) from /home/arne/github/kramdown/kramdown.gemspec
I, [2014-02-08T09:41:15.657179 #7884]  INFO -- : 0:  hexpress (0.0.1) from /home/arne/github/hexpress/hexpress.gemspec
I, [2014-02-08T09:41:33.428127 #7884]  INFO -- : 0:  perftools.rb (2.0.1) from /home/arne/.gem/ruby/2.0.0/bundler/gems/perftools.rb-deb2947468a8/perftools.rb.gemspec
I, [2014-02-08T09:41:34.990609 #7884]  INFO -- : 0:  rb-inotify (0.9.0) from /home/arne/.gem/ruby/2.0.0/specifications/rb-inotify-0.9.0.gemspec
I, [2014-02-08T09:41:34.991079 #7884]  INFO -- : 0:  ruby-prof (0.13.0) from /home/arne/.gem/ruby/2.0.0/specifications/ruby-prof-0.13.0.gemspec
I, [2014-02-08T09:41:34.991480 #7884]  INFO -- : 0:  bundler (1.5.1) from /home/arne/.gem/ruby/2.0.0/specifications/bundler-1.5.1.gemspec
I, [2014-02-08T09:47:41.977443 #12623]  INFO -- : 0:  rake (10.1.0) from /home/arne/.gem/ruby/2.0.0/specifications/rake-10.1.0.gemspec
I, [2014-02-08T09:47:41.977927 #12623]  INFO -- : 0:  equalizer (0.0.9) from /home/arne/.gem/ruby/2.0.0/specifications/equalizer-0.0.9.gemspec
I, [2014-02-08T09:47:41.978275 #12623]  INFO -- : 0:  ffi (1.9.0) from /home/arne/.gem/ruby/2.0.0/specifications/ffi-1.9.0.gemspec
I, [2014-02-08T09:47:41.978600 #12623]  INFO -- : 0:  fzip (0.2.0) from /home/arne/.gem/ruby/2.0.0/specifications/fzip-0.2.0.gemspec
I, [2014-02-08T09:47:41.978937 #12623]  INFO -- : 0:  ice_nine (0.11.0) from /home/arne/.gem/ruby/2.0.0/specifications/ice_nine-0.11.0.gemspec
I, [2014-02-08T09:47:41.979250 #12623]  INFO -- : 0:  mini_portile (0.5.2) from /home/arne/.gem/ruby/2.0.0/specifications/mini_portile-0.5.2.gemspec
I, [2014-02-08T09:47:41.979593 #12623]  INFO -- : 0:  nokogiri (1.6.1) from /home/arne/.gem/ruby/2.0.0/specifications/nokogiri-1.6.1.gemspec
I, [2014-02-08T09:47:41.979924 #12623]  INFO -- : 0:  sass (3.2.14) from /home/arne/.gem/ruby/2.0.0/specifications/sass-3.2.14.gemspec
I, [2014-02-08T09:47:42.066236 #12623]  INFO -- : 0:  hexp (0.3.1) from /home/arne/github/hexp/hexp.gemspec
I, [2014-02-08T09:47:42.364194 #12623]  INFO -- : 0:  kramdown (1.2.0) from /home/arne/github/kramdown/kramdown.gemspec
I, [2014-02-08T09:47:42.464860 #12623]  INFO -- : 0:  hexpress (0.0.1) from /home/arne/github/hexpress/hexpress.gemspec
E, [2014-02-08T09:47:48.852944 #12623] ERROR -- : SystemExit: exit
/home/arne/.gem/ruby/2.0.0/gems/bundler-1.5.1/bin/bundle:4:in `exit'  \n/home/arne/.gem/ruby/2.0.0/gems/bundler-1.5.1/bin/bundle:4:in `block in <top (required)>'  \n/home/arne/.rubies/ruby-2.0.0-p247/lib/ruby/site_ruby/2.0.0/rubygems/ext/builder.rb:73:in `call'  \n/home/arne/.rubies/ruby-2.0.0-p247/lib/ruby/site_ruby/2.0.0/rubygems/ext/builder.rb:73:in ``'  \n/home/arne/.rubies/ruby-2.0.0-p247/lib/ruby/site_ruby/2.0.0/rubygems/ext/builder.rb:73:in `run'  \n/home/arne/.rubies/ruby-2.0.0-p247/lib/ruby/site_ruby/2.0.0/rubygems/ext/ext_conf_builder.rb:37:in `block in build'  \n/home/arne/.rubies/ruby-2.0.0-p247/lib/ruby/2.0.0/tempfile.rb:324:in `open'  \n/home/arne/.rubies/ruby-2.0.0-p247/lib/ruby/site_ruby/2.0.0/rubygems/ext/ext_conf_builder.rb:17:in `build'  \n/home/arne/.rubies/ruby-2.0.0-p247/lib/ruby/site_ruby/2.0.0/rubygems/ext/builder.rb:161:in `block (2 levels) in build_extension'  \n/home/arne/.rubies/ruby-2.0.0-p247/lib/ruby/site_ruby/2.0.0/rubygems/ext/builder.rb:160:in `chdir'  \n/home/arne/.rubies/ruby-2.0.0-p247/lib/ruby/site_ruby/2.0.0/rubygems/ext/builder.rb:160:in `block in build_extension'  \n/home/arne/.rubies/ruby-2.0.0-p247/lib/ruby/site_ruby/2.0.0/rubygems/ext/builder.rb:159:in `synchronize'  \n/home/arne/.rubies/ruby-2.0.0-p247/lib/ruby/site_ruby/2.0.0/rubygems/ext/builder.rb:159:in `build_extension'  \n/home/arne/.rubies/ruby-2.0.0-p247/lib/ruby/site_ruby/2.0.0/rubygems/ext/builder.rb:198:in `block in build_extensions'  \n/home/arne/.rubies/ruby-2.0.0-p247/lib/ruby/site_ruby/2.0.0/rubygems/ext/builder.rb:195:in `each'  \n/home/arne/.rubies/ruby-2.0.0-p247/lib/ruby/site_ruby/2.0.0/rubygems/ext/builder.rb:195:in `build_extensions'  \n/home/arne/.rubies/ruby-2.0.0-p247/lib/ruby/site_ruby/2.0.0/rubygems/installer.rb:677:in `build_extensions'  \n/home/arne/.gem/ruby/2.0.0/gems/bundler-1.5.1/lib/bundler/source/path.rb:174:in `generate_bin'  \n/home/arne/.gem/ruby/2.0.0/gems/bundler-1.5.1/lib/bundler/source/git.rb:161:in `install'  \n/home/arne/.gem/ruby/2.0.0/gems/bundler-1.5.1/lib/bundler/installer.rb:111:in `block in install_gem_from_spec'  \n/home/arne/.gem/ruby/2.0.0/gems/bundler-1.5.1/lib/bundler/rubygems_integration.rb:150:in `with_build_args'  \n/home/arne/.gem/ruby/2.0.0/gems/bundler-1.5.1/lib/bundler/installer.rb:110:in `install_gem_from_spec'  \n/home/arne/.gem/ruby/2.0.0/gems/bundler-1.5.1/lib/bundler/installer.rb:295:in `block in install_sequentially'  \n/home/arne/.rubies/ruby-2.0.0-p247/lib/ruby/2.0.0/forwardable.rb:171:in `each'  \n/home/arne/.rubies/ruby-2.0.0-p247/lib/ruby/2.0.0/forwardable.rb:171:in `each'  \n/home/arne/.gem/ruby/2.0.0/gems/bundler-1.5.1/lib/bundler/installer.rb:294:in `install_sequentially'  \n/home/arne/.gem/ruby/2.0.0/gems/bundler-1.5.1/lib/bundler/installer.rb:97:in `run'  \n/home/arne/.gem/ruby/2.0.0/gems/bundler-1.5.1/lib/bundler/installer.rb:15:in `install'  \n/home/arne/.gem/ruby/2.0.0/gems/bundler-1.5.1/lib/bundler/cli.rb:257:in `install'  \n/home/arne/.gem/ruby/2.0.0/gems/bundler-1.5.1/lib/bundler/vendor/thor/command.rb:27:in `run'  \n/home/arne/.gem/ruby/2.0.0/gems/bundler-1.5.1/lib/bundler/vendor/thor/invocation.rb:120:in `invoke_command'  \n/home/arne/.gem/ruby/2.0.0/gems/bundler-1.5.1/lib/bundler/vendor/thor.rb:363:in `dispatch'  \n/home/arne/.gem/ruby/2.0.0/gems/bundler-1.5.1/lib/bundler/vendor/thor/base.rb:438:in `start'  \n/home/arne/.gem/ruby/2.0.0/gems/bundler-1.5.1/lib/bundler/cli.rb:10:in `start'  \n/home/arne/.gem/ruby/2.0.0/gems/bundler-1.5.1/bin/bundle:22:in `block in <top (required)>'  \n/home/arne/.gem/ruby/2.0.0/gems/bundler-1.5.1/lib/bundler/friendly_errors.rb:5:in `with_friendly_errors'  \n/home/arne/.gem/ruby/2.0.0/gems/bundler-1.5.1/bin/bundle:22:in `<top (required)>'  \n/home/arne/.gem/ruby/2.0.0/bin/bundle:23:in `load'  \n/home/arne/.gem/ruby/2.0.0/bin/bundle:23:in `<main>'
I, [2014-02-08T09:47:50.064703 #14179]  INFO -- : 0:  rake (10.1.0) from /home/arne/.gem/ruby/2.0.0/specifications/rake-10.1.0.gemspec
I, [2014-02-08T09:47:50.065229 #14179]  INFO -- : 0:  equalizer (0.0.9) from /home/arne/.gem/ruby/2.0.0/specifications/equalizer-0.0.9.gemspec
I, [2014-02-08T09:47:50.065575 #14179]  INFO -- : 0:  ffi (1.9.0) from /home/arne/.gem/ruby/2.0.0/specifications/ffi-1.9.0.gemspec
I, [2014-02-08T09:47:50.065896 #14179]  INFO -- : 0:  fzip (0.2.0) from /home/arne/.gem/ruby/2.0.0/specifications/fzip-0.2.0.gemspec
I, [2014-02-08T09:47:50.066210 #14179]  INFO -- : 0:  ice_nine (0.11.0) from /home/arne/.gem/ruby/2.0.0/specifications/ice_nine-0.11.0.gemspec
I, [2014-02-08T09:47:50.066525 #14179]  INFO -- : 0:  mini_portile (0.5.2) from /home/arne/.gem/ruby/2.0.0/specifications/mini_portile-0.5.2.gemspec
I, [2014-02-08T09:47:50.066836 #14179]  INFO -- : 0:  nokogiri (1.6.1) from /home/arne/.gem/ruby/2.0.0/specifications/nokogiri-1.6.1.gemspec
I, [2014-02-08T09:47:50.067145 #14179]  INFO -- : 0:  sass (3.2.14) from /home/arne/.gem/ruby/2.0.0/specifications/sass-3.2.14.gemspec
I, [2014-02-08T09:47:50.149894 #14179]  INFO -- : 0:  hexp (0.3.1) from /home/arne/github/hexp/hexp.gemspec
I, [2014-02-08T09:47:50.442617 #14179]  INFO -- : 0:  kramdown (1.2.0) from /home/arne/github/kramdown/kramdown.gemspec
I, [2014-02-08T09:48:08.280486 #14179]  INFO -- : 0:  perftools.rb (2.0.1) from /home/arne/.gem/ruby/2.0.0/bundler/gems/perftools.rb-deb2947468a8/perftools.rb.gemspec
I, [2014-02-08T09:48:08.281128 #14179]  INFO -- : 0:  rb-inotify (0.9.0) from /home/arne/.gem/ruby/2.0.0/specifications/rb-inotify-0.9.0.gemspec
I, [2014-02-08T09:48:08.281607 #14179]  INFO -- : 0:  ruby-prof (0.13.0) from /home/arne/.gem/ruby/2.0.0/specifications/ruby-prof-0.13.0.gemspec
I, [2014-02-08T09:48:08.395607 #14179]  INFO -- : 0:  slippery (0.0.2) from /home/arne/github/slippery/slippery.gemspec
I, [2014-02-08T09:48:08.396040 #14179]  INFO -- : 0:  bundler (1.5.1) from /home/arne/.gem/ruby/2.0.0/specifications/bundler-1.5.1.gemspec
