# Logfile created on 2014-02-23 14:42:38 +0100 by logger.rb/31641
I, [2014-02-23T14:42:38.554536 #8750]  INFO -- : 0:  equalizer (0.0.9) from /home/arne/.gem/ruby/1.9.3/specifications/equalizer-0.0.9.gemspec
I, [2014-02-23T14:42:38.555165 #8750]  INFO -- : 0:  ice_nine (0.11.0) from /home/arne/.gem/ruby/1.9.3/specifications/ice_nine-0.11.0.gemspec
I, [2014-02-23T14:42:38.555647 #8750]  INFO -- : 0:  mini_portile (0.5.2) from /home/arne/.gem/ruby/1.9.3/specifications/mini_portile-0.5.2.gemspec
I, [2014-02-23T14:42:38.556106 #8750]  INFO -- : 0:  nokogiri (1.6.1) from /home/arne/.gem/ruby/1.9.3/specifications/nokogiri-1.6.1.gemspec
I, [2014-02-23T14:42:38.556539 #8750]  INFO -- : 0:  sass (3.2.14) from /home/arne/.gem/ruby/1.9.3/specifications/sass-3.2.14.gemspec
I, [2014-02-23T14:42:38.556970 #8750]  INFO -- : 0:  hexp (0.3.1) from /home/arne/.gem/ruby/1.9.3/specifications/hexp-0.3.1.gemspec
I, [2014-02-23T14:42:40.821592 #8750]  INFO -- : 0:  kramdown (1.3.2) from /home/arne/.gem/ruby/1.9.3/specifications/kramdown-1.3.2.gemspec
I, [2014-02-23T14:42:40.939432 #8750]  INFO -- : 0:  slippery (0.0.2) from /home/arne/github/slippery/slippery.gemspec
I, [2014-02-23T14:42:40.939956 #8750]  INFO -- : 0:  bundler (1.5.1) from /home/arne/.gem/ruby/1.9.3/specifications/bundler-1.5.1.gemspec
I, [2014-02-23T14:47:23.745160 #13269]  INFO -- : 0:  rake (10.1.1) from /home/arne/.gem/ruby/2.0.0/specifications/rake-10.1.1.gemspec
I, [2014-02-23T14:47:23.745663 #13269]  INFO -- : 0:  equalizer (0.0.9) from /home/arne/.gem/ruby/2.0.0/specifications/equalizer-0.0.9.gemspec
I, [2014-02-23T14:47:23.745972 #13269]  INFO -- : 0:  ice_nine (0.11.0) from /home/arne/.gem/ruby/2.0.0/specifications/ice_nine-0.11.0.gemspec
I, [2014-02-23T14:47:23.746269 #13269]  INFO -- : 0:  mini_portile (0.5.2) from /home/arne/.gem/ruby/2.0.0/specifications/mini_portile-0.5.2.gemspec
I, [2014-02-23T14:47:23.746566 #13269]  INFO -- : 0:  nokogiri (1.6.1) from /home/arne/.gem/ruby/2.0.0/specifications/nokogiri-1.6.1.gemspec
I, [2014-02-23T14:47:23.746843 #13269]  INFO -- : 0:  sass (3.2.14) from /home/arne/.gem/ruby/2.0.0/specifications/sass-3.2.14.gemspec
I, [2014-02-23T14:47:26.050186 #13269]  INFO -- : 0:  hexp (0.3.1) from /home/arne/.gem/ruby/2.0.0/specifications/hexp-0.3.1.gemspec
I, [2014-02-23T14:47:28.299630 #13269]  INFO -- : 0:  kramdown (1.3.2) from /home/arne/.gem/ruby/2.0.0/specifications/kramdown-1.3.2.gemspec
I, [2014-02-23T14:47:28.400464 #13269]  INFO -- : 0:  slippery (0.0.2) from /home/arne/github/slippery/slippery.gemspec
I, [2014-02-23T14:47:28.400893 #13269]  INFO -- : 0:  bundler (1.5.1) from /home/arne/.gem/ruby/2.0.0/specifications/bundler-1.5.1.gemspec
I, [2014-02-23T15:12:26.688026 #4390]  INFO -- : 0:  rake (10.1.1) from /home/arne/.gem/ruby/1.9.3/specifications/rake-10.1.1.gemspec
I, [2014-02-23T15:12:26.688891 #4390]  INFO -- : 0:  equalizer (0.0.9) from /home/arne/.gem/ruby/1.9.3/specifications/equalizer-0.0.9.gemspec
I, [2014-02-23T15:12:26.689314 #4390]  INFO -- : 0:  ffi (1.9.3) from /home/arne/.gem/ruby/1.9.3/specifications/ffi-1.9.3.gemspec
I, [2014-02-23T15:12:26.689708 #4390]  INFO -- : 0:  ice_nine (0.11.0) from /home/arne/.gem/ruby/1.9.3/specifications/ice_nine-0.11.0.gemspec
I, [2014-02-23T15:12:26.690101 #4390]  INFO -- : 0:  mini_portile (0.5.2) from /home/arne/.gem/ruby/1.9.3/specifications/mini_portile-0.5.2.gemspec
I, [2014-02-23T15:12:26.690492 #4390]  INFO -- : 0:  nokogiri (1.6.1) from /home/arne/.gem/ruby/1.9.3/specifications/nokogiri-1.6.1.gemspec
I, [2014-02-23T15:12:26.690876 #4390]  INFO -- : 0:  sass (3.2.14) from /home/arne/.gem/ruby/1.9.3/specifications/sass-3.2.14.gemspec
I, [2014-02-23T15:12:26.691253 #4390]  INFO -- : 0:  hexp (0.3.1) from /home/arne/.gem/ruby/1.9.3/specifications/hexp-0.3.1.gemspec
I, [2014-02-23T15:12:26.691637 #4390]  INFO -- : 0:  kramdown (1.3.2) from /home/arne/.gem/ruby/1.9.3/specifications/kramdown-1.3.2.gemspec
I, [2014-02-23T15:12:26.692031 #4390]  INFO -- : 0:  rb-inotify (0.9.3) from /home/arne/.gem/ruby/1.9.3/specifications/rb-inotify-0.9.3.gemspec
I, [2014-02-23T15:12:26.803760 #4390]  INFO -- : 0:  slippery (0.0.2) from /home/arne/github/slippery/slippery.gemspec
I, [2014-02-23T15:12:26.804275 #4390]  INFO -- : 0:  bundler (1.5.1) from /home/arne/.gem/ruby/1.9.3/specifications/bundler-1.5.1.gemspec
